<?xml version="1.0" encoding="UTF-8"?>
<!-- Generated by org.testng.reporters.JUnitReportReporter -->
<testsuite hostname="DESKTOP-J3GJJKV" failures="0" tests="5" name="com.opencart.testcases.TC003_LoginDDT" time="26.409" errors="0" timestamp="2024-09-22T12:43:01 IST" skipped="0">
  <testcase classname="com.opencart.testcases.TC003_LoginDDT" name="verify_loginDDT" time="10.849"/>
  <testcase classname="com.opencart.testcases.TC003_LoginDDT" name="verify_loginDDT" time="1.404"/>
  <testcase classname="com.opencart.testcases.TC003_LoginDDT" name="verify_loginDDT" time="1.276"/>
  <testcase classname="com.opencart.testcases.TC003_LoginDDT" name="verify_loginDDT" time="10.951"/>
  <testcase classname="com.opencart.testcases.TC003_LoginDDT" name="verify_loginDDT" time="1.929"/>
</testsuite> <!-- com.opencart.testcases.TC003_LoginDDT -->
