<?xml version="1.0" encoding="UTF-8"?>
<!-- Generated by org.testng.reporters.JUnitReportReporter -->
<testsuite hostname="DESKTOP-J3GJJKV" failures="0" tests="1" name="com.opencart.testcases.TC001_AccountRegistrationTest" time="2.315" errors="0" timestamp="2024-09-24T12:09:53 IST" skipped="0">
  <testcase classname="com.opencart.testcases.TC001_AccountRegistrationTest" name="verify_account_registration" time="2.315"/>
</testsuite> <!-- com.opencart.testcases.TC001_AccountRegistrationTest -->
