<?xml version="1.0" encoding="UTF-8"?>
<!-- Generated by org.testng.reporters.JUnitReportReporter -->
<testsuite hostname="DESKTOP-J3GJJKV" failures="0" tests="1" name="com.opencart.testcases.TC002_UserLoginTest" time="2.124" errors="0" timestamp="2024-09-24T12:27:30 IST" skipped="0">
  <testcase classname="com.opencart.testcases.TC002_UserLoginTest" name="verify_user_login" time="2.124"/>
</testsuite> <!-- com.opencart.testcases.TC002_UserLoginTest -->
